Arguments: 
  /usr/local/bin/node /usr/local/Cellar/yarn/1.22.10/libexec/bin/yarn.js install

PATH: 
  /Library/Frameworks/Python.framework/Versions/3.8/bin:/Library/Frameworks/Python.framework/Versions/3.9/bin:/usr/local/bin:/usr/bin:/bin:/usr/sbin:/sbin:/usr/local/go/bin:/opt/X11/bin:/Library/Apple/usr/bin

Yarn version: 
  1.22.10

Node version: 
  16.6.1

Platform: 
  darwin x64

Trace: 
  Error: https://registry.yarnpkg.com/@minimac%2fmagic.css: Not found
      at Request.params.callback [as _callback] (/usr/local/Cellar/yarn/1.22.10/libexec/lib/cli.js:66988:18)
      at Request.self.callback (/usr/local/Cellar/yarn/1.22.10/libexec/lib/cli.js:140749:22)
      at Request.emit (node:events:394:28)
      at Request.<anonymous> (/usr/local/Cellar/yarn/1.22.10/libexec/lib/cli.js:141721:10)
      at Request.emit (node:events:394:28)
      at IncomingMessage.<anonymous> (/usr/local/Cellar/yarn/1.22.10/libexec/lib/cli.js:141643:12)
      at Object.onceWrapper (node:events:513:28)
      at IncomingMessage.emit (node:events:406:35)
      at endReadableNT (node:internal/streams/readable:1331:12)
      at processTicksAndRejections (node:internal/process/task_queues:83:21)

npm manifest: 
  {
    "name": "api-rest",
    "version": "1.2.0",
    "private": true,
    "scripts": {
      "build": "node ace build --production",
      "start": "node server.js",
      "dev": "node ace serve --watch",
      "lint": "eslint . --ext=.ts",
      "format": "prettier --write ."
    },
    "devDependencies": {
      "@adonisjs/assembler": "^5.3.5",
      "adonis-preset-ts": "^2.1.0",
      "eslint": "^7.32.0",
      "eslint-config-prettier": "^8.3.0",
      "eslint-plugin-adonis": "^1.3.3",
      "eslint-plugin-prettier": "^3.4.0",
      "pino-pretty": "^5.1.2",
      "prettier": "^2.3.2",
      "typescript": "^4.2.4",
      "youch": "^2.2.2",
      "youch-terminal": "^1.1.1"
    },
    "dependencies": {
      "@minimac/magic.css": "1.4.5",
      "@adonisjs/ace": "^11.0.2",
      "@adonisjs/ally": "^4.1.0",
      "@adonisjs/auth": "^8.0.7",
      "@adonisjs/bouncer": "^2.2.4",
      "@adonisjs/core": "^5.1.11",
      "@adonisjs/fold": "^8.1.3",
      "@adonisjs/lucid": "^15.0.3",
      "@adonisjs/mail": "^7.2.3",
      "@adonisjs/redis": "^7.0.8",
      "@adonisjs/repl": "^3.1.5",
      "@adonisjs/session": "^6.0.5",
      "luxon": "^1.27.0",
      "pg": "^8.7.1",
      "phc-argon2": "^1.1.2",
      "proxy-addr": "^2.0.7",
      "reflect-metadata": "^0.1.13",
      "source-map-support": "^0.5.19",
      "uuid": "^8.3.2"
    }
  }

yarn manifest: 
  No manifest

Lockfile: 
  No lockfile
